<?xml version="1.0" encoding="UTF-8"?>
<!-- Generated by org.testng.reporters.JUnitXMLReporter -->
<testsuite hostname="DESKTOP-EUNFVH5" ignored="0" name="Test" tests="3" failures="0" timestamp="16 Mar 2022 17:34:34 GMT" time="0.131" errors="0">
  <testcase name="readData" time="0.015" classname="Contacts.ReadDataTest"/>
  <testcase name="createContact" time="0.002" classname="Contacts.CreateContactTest"/>
  <testcase name="createOrg" time="0.001" classname="Org.CreateOrgTest"/>
</testsuite> <!-- Test -->
