<?xml version="1.0" encoding="UTF-8"?>
<testng-results skipped="0" failed="0" ignored="0" total="1" passed="1">
  <reporter-output>
  </reporter-output>
  <suite name="Default suite" duration-ms="92" started-at="2022-03-16T16:54:12Z" finished-at="2022-03-16T16:54:12Z">
    <groups>
    </groups>
    <test name="Default test" duration-ms="92" started-at="2022-03-16T16:54:12Z" finished-at="2022-03-16T16:54:12Z">
      <class name="Org.CreateOrgTest">
        <test-method status="PASS" signature="createOrg()[pri:0, instance:Org.CreateOrgTest@20e2cbe0]" name="createOrg" duration-ms="20" started-at="2022-03-16T16:54:12Z" finished-at="2022-03-16T16:54:12Z">
          <reporter-output>
          </reporter-output>
        </test-method> <!-- createOrg -->
      </class> <!-- Org.CreateOrgTest -->
    </test> <!-- Default test -->
  </suite> <!-- Default suite -->
</testng-results>
